<?xml version="1.0" encoding="UTF-8"?>
<testsuites tests="1" failures="1" disabled="0" errors="0" time="0" timestamp="2025-10-19T17:25:44.170" name="AllTests">
  <testsuite name="ExecutorTest" tests="1" failures="1" disabled="0" skipped="0" errors="0" time="0" timestamp="2025-10-19T17:25:44.170">
    <testcase name="should_return_init_pose_when_without_command" file="/Users/xiongtianchi/Desktop/cpp-training/tests/ExecutorTest.cpp" line="17" status="run" result="completed" time="0" timestamp="2025-10-19T17:25:44.170" classname="ExecutorTest">
      <failure message="/Users/xiongtianchi/Desktop/cpp-training/tests/ExecutorTest.cpp:26&#x0A;Expected equality of these values:&#x0A;  target&#x0A;    Which is: 12-byte object &lt;00-00 00-00 00-00 00-00 45-00 00-00&gt;&#x0A;  executor-&gt;Query()&#x0A;    Which is: 12-byte object &lt;01-00 00-00 01-00 00-00 4E-00 00-00&gt;" type=""><![CDATA[/Users/xiongtianchi/Desktop/cpp-training/tests/ExecutorTest.cpp:26
Expected equality of these values:
  target
    Which is: 12-byte object <00-00 00-00 00-00 00-00 45-00 00-00>
  executor->Query()
    Which is: 12-byte object <01-00 00-00 01-00 00-00 4E-00 00-00>]]></failure>
    </testcase>
  </testsuite>
</testsuites>
